{"D:\\Front-end\\easy\\Js\\main.js": {"path":"D:\\Front-end\\easy\\Js\\main.js","statementMap":{"0":{"start":{"line":2,"column":2},"end":{"line":2,"column":15}},"1":{"start":{"line":7,"column":2},"end":{"line":7,"column":15}}},"fnMap":{"0":{"name":"sum","decl":{"start":{"line":1,"column":16},"end":{"line":1,"column":19}},"loc":{"start":{"line":1,"column":26},"end":{"line":3,"column":1}},"line":1},"1":{"name":"multiply","decl":{"start":{"line":6,"column":16},"end":{"line":6,"column":24}},"loc":{"start":{"line":6,"column":31},"end":{"line":8,"column":1}},"line":6}},"branchMap":{},"s":{"0":1,"1":1},"f":{"0":1,"1":1},"b":{},"_coverageSchema":"1a1c01bbd47fc00a2c39e90264f33305004495a9","hash":"e9d299a86429044b6f88d5b81f9eeefd20bc4ce4"}
,"D:\\Front-end\\easy\\Js\\src\\Boolean\\BaitapSS5.js": {"path":"D:\\Front-end\\easy\\Js\\src\\Boolean\\BaitapSS5.js","statementMap":{"0":{"start":{"line":3,"column":2},"end":{"line":3,"column":39}},"1":{"start":{"line":3,"column":29},"end":{"line":3,"column":39}},"2":{"start":{"line":5,"column":2},"end":{"line":5,"column":37}},"3":{"start":{"line":5,"column":28},"end":{"line":5,"column":37}},"4":{"start":{"line":6,"column":2},"end":{"line":6,"column":30}},"5":{"start":{"line":6,"column":17},"end":{"line":6,"column":30}},"6":{"start":{"line":8,"column":2},"end":{"line":8,"column":15}},"7":{"start":{"line":13,"column":22},"end":{"line":20,"column":3}},"8":{"start":{"line":22,"column":2},"end":{"line":22,"column":46}}},"fnMap":{"0":{"name":"getTicketPrice","decl":{"start":{"line":2,"column":16},"end":{"line":2,"column":30}},"loc":{"start":{"line":2,"column":36},"end":{"line":9,"column":1}},"line":2},"1":{"name":"sayHello","decl":{"start":{"line":12,"column":16},"end":{"line":12,"column":24}},"loc":{"start":{"line":12,"column":39},"end":{"line":23,"column":1}},"line":12}},"branchMap":{"0":{"loc":{"start":{"line":3,"column":2},"end":{"line":3,"column":39}},"type":"if","locations":[{"start":{"line":3,"column":2},"end":{"line":3,"column":39}},{"start":{"line":3,"column":2},"end":{"line":3,"column":39}}],"line":3},"1":{"loc":{"start":{"line":3,"column":6},"end":{"line":3,"column":27}},"type":"binary-expr","locations":[{"start":{"line":3,"column":6},"end":{"line":3,"column":14}},{"start":{"line":3,"column":18},"end":{"line":3,"column":27}}],"line":3},"2":{"loc":{"start":{"line":5,"column":2},"end":{"line":5,"column":37}},"type":"if","locations":[{"start":{"line":5,"column":2},"end":{"line":5,"column":37}},{"start":{"line":5,"column":2},"end":{"line":5,"column":37}}],"line":5},"3":{"loc":{"start":{"line":5,"column":6},"end":{"line":5,"column":26}},"type":"binary-expr","locations":[{"start":{"line":5,"column":6},"end":{"line":5,"column":13}},{"start":{"line":5,"column":17},"end":{"line":5,"column":26}}],"line":5},"4":{"loc":{"start":{"line":6,"column":2},"end":{"line":6,"column":30}},"type":"if","locations":[{"start":{"line":6,"column":2},"end":{"line":6,"column":30}},{"start":{"line":6,"column":2},"end":{"line":6,"column":30}}],"line":6},"5":{"loc":{"start":{"line":22,"column":9},"end":{"line":22,"column":45}},"type":"binary-expr","locations":[{"start":{"line":22,"column":9},"end":{"line":22,"column":34}},{"start":{"line":22,"column":38},"end":{"line":22,"column":45}}],"line":22}},"s":{"0":16,"1":2,"2":14,"3":6,"4":8,"5":7,"6":1,"7":7,"8":7},"f":{"0":16,"1":7},"b":{"0":[2,14],"1":[16,15],"2":[6,8],"3":[14,9],"4":[7,1],"5":[7,1]},"_coverageSchema":"1a1c01bbd47fc00a2c39e90264f33305004495a9","hash":"e4e70abe5610349a1a01df423c60527456767240"}
,"D:\\Front-end\\easy\\Js\\src\\Boolean\\baiTapSw-case.js": {"path":"D:\\Front-end\\easy\\Js\\src\\Boolean\\baiTapSw-case.js","statementMap":{"0":{"start":{"line":4,"column":2},"end":{"line":13,"column":3}},"1":{"start":{"line":6,"column":6},"end":{"line":6,"column":44}},"2":{"start":{"line":8,"column":6},"end":{"line":8,"column":33}},"3":{"start":{"line":10,"column":6},"end":{"line":10,"column":28}},"4":{"start":{"line":12,"column":6},"end":{"line":12,"column":36}},"5":{"start":{"line":17,"column":19},"end":{"line":21,"column":3}},"6":{"start":{"line":23,"column":2},"end":{"line":23,"column":55}}},"fnMap":{"0":{"name":"getErrorMessage1","decl":{"start":{"line":3,"column":16},"end":{"line":3,"column":32}},"loc":{"start":{"line":3,"column":44},"end":{"line":14,"column":1}},"line":3},"1":{"name":"getErrorMessage2","decl":{"start":{"line":16,"column":16},"end":{"line":16,"column":32}},"loc":{"start":{"line":16,"column":44},"end":{"line":24,"column":1}},"line":16}},"branchMap":{"0":{"loc":{"start":{"line":4,"column":2},"end":{"line":13,"column":3}},"type":"switch","locations":[{"start":{"line":5,"column":4},"end":{"line":6,"column":44}},{"start":{"line":7,"column":4},"end":{"line":8,"column":33}},{"start":{"line":9,"column":4},"end":{"line":10,"column":28}},{"start":{"line":11,"column":4},"end":{"line":12,"column":36}}],"line":4},"1":{"loc":{"start":{"line":23,"column":9},"end":{"line":23,"column":54}},"type":"binary-expr","locations":[{"start":{"line":23,"column":9},"end":{"line":23,"column":28}},{"start":{"line":23,"column":32},"end":{"line":23,"column":54}}],"line":23}},"s":{"0":4,"1":1,"2":1,"3":1,"4":1,"5":4,"6":4},"f":{"0":4,"1":4},"b":{"0":[1,1,1,1],"1":[4,1]},"_coverageSchema":"1a1c01bbd47fc00a2c39e90264f33305004495a9","hash":"0e2256c60354c5ad69c8e6241e44d1112ebe14fe"}
,"D:\\Front-end\\easy\\Js\\src\\Boolean\\xepLoaiHSIf..else.js": {"path":"D:\\Front-end\\easy\\Js\\src\\Boolean\\xepLoaiHSIf..else.js","statementMap":{"0":{"start":{"line":6,"column":2},"end":{"line":6,"column":52}},"1":{"start":{"line":6,"column":29},"end":{"line":6,"column":52}},"2":{"start":{"line":10,"column":2},"end":{"line":13,"column":22}},"3":{"start":{"line":10,"column":16},"end":{"line":10,"column":38}},"4":{"start":{"line":11,"column":7},"end":{"line":13,"column":22}},"5":{"start":{"line":11,"column":22},"end":{"line":11,"column":38}},"6":{"start":{"line":12,"column":7},"end":{"line":13,"column":22}},"7":{"start":{"line":12,"column":22},"end":{"line":12,"column":42}},"8":{"start":{"line":13,"column":7},"end":{"line":13,"column":22}},"9":{"start":{"line":15,"column":2},"end":{"line":15,"column":16}},"10":{"start":{"line":20,"column":2},"end":{"line":20,"column":52}},"11":{"start":{"line":20,"column":29},"end":{"line":20,"column":52}},"12":{"start":{"line":22,"column":15},"end":{"line":22,"column":20}},"13":{"start":{"line":24,"column":2},"end":{"line":26,"column":42}},"14":{"start":{"line":24,"column":16},"end":{"line":24,"column":38}},"15":{"start":{"line":25,"column":7},"end":{"line":26,"column":42}},"16":{"start":{"line":25,"column":22},"end":{"line":25,"column":38}},"17":{"start":{"line":26,"column":7},"end":{"line":26,"column":42}},"18":{"start":{"line":26,"column":22},"end":{"line":26,"column":42}},"19":{"start":{"line":28,"column":2},"end":{"line":28,"column":16}},"20":{"start":{"line":33,"column":2},"end":{"line":33,"column":52}},"21":{"start":{"line":33,"column":29},"end":{"line":33,"column":52}},"22":{"start":{"line":35,"column":2},"end":{"line":35,"column":36}},"23":{"start":{"line":35,"column":16},"end":{"line":35,"column":36}},"24":{"start":{"line":36,"column":2},"end":{"line":36,"column":31}},"25":{"start":{"line":36,"column":17},"end":{"line":36,"column":31}},"26":{"start":{"line":37,"column":2},"end":{"line":37,"column":35}},"27":{"start":{"line":37,"column":17},"end":{"line":37,"column":35}},"28":{"start":{"line":39,"column":2},"end":{"line":39,"column":15}}},"fnMap":{"0":{"name":"classifyStudentV1","decl":{"start":{"line":5,"column":16},"end":{"line":5,"column":33}},"loc":{"start":{"line":5,"column":40},"end":{"line":16,"column":1}},"line":5},"1":{"name":"classifyStudentV2","decl":{"start":{"line":19,"column":16},"end":{"line":19,"column":33}},"loc":{"start":{"line":19,"column":40},"end":{"line":29,"column":1}},"line":19},"2":{"name":"classifyStudentV3","decl":{"start":{"line":32,"column":16},"end":{"line":32,"column":33}},"loc":{"start":{"line":32,"column":40},"end":{"line":40,"column":1}},"line":32}},"branchMap":{"0":{"loc":{"start":{"line":6,"column":2},"end":{"line":6,"column":52}},"type":"if","locations":[{"start":{"line":6,"column":2},"end":{"line":6,"column":52}},{"start":{"line":6,"column":2},"end":{"line":6,"column":52}}],"line":6},"1":{"loc":{"start":{"line":6,"column":6},"end":{"line":6,"column":27}},"type":"binary-expr","locations":[{"start":{"line":6,"column":6},"end":{"line":6,"column":14}},{"start":{"line":6,"column":18},"end":{"line":6,"column":27}}],"line":6},"2":{"loc":{"start":{"line":10,"column":2},"end":{"line":13,"column":22}},"type":"if","locations":[{"start":{"line":10,"column":2},"end":{"line":13,"column":22}},{"start":{"line":10,"column":2},"end":{"line":13,"column":22}}],"line":10},"3":{"loc":{"start":{"line":11,"column":7},"end":{"line":13,"column":22}},"type":"if","locations":[{"start":{"line":11,"column":7},"end":{"line":13,"column":22}},{"start":{"line":11,"column":7},"end":{"line":13,"column":22}}],"line":11},"4":{"loc":{"start":{"line":12,"column":7},"end":{"line":13,"column":22}},"type":"if","locations":[{"start":{"line":12,"column":7},"end":{"line":13,"column":22}},{"start":{"line":12,"column":7},"end":{"line":13,"column":22}}],"line":12},"5":{"loc":{"start":{"line":20,"column":2},"end":{"line":20,"column":52}},"type":"if","locations":[{"start":{"line":20,"column":2},"end":{"line":20,"column":52}},{"start":{"line":20,"column":2},"end":{"line":20,"column":52}}],"line":20},"6":{"loc":{"start":{"line":20,"column":6},"end":{"line":20,"column":27}},"type":"binary-expr","locations":[{"start":{"line":20,"column":6},"end":{"line":20,"column":14}},{"start":{"line":20,"column":18},"end":{"line":20,"column":27}}],"line":20},"7":{"loc":{"start":{"line":24,"column":2},"end":{"line":26,"column":42}},"type":"if","locations":[{"start":{"line":24,"column":2},"end":{"line":26,"column":42}},{"start":{"line":24,"column":2},"end":{"line":26,"column":42}}],"line":24},"8":{"loc":{"start":{"line":25,"column":7},"end":{"line":26,"column":42}},"type":"if","locations":[{"start":{"line":25,"column":7},"end":{"line":26,"column":42}},{"start":{"line":25,"column":7},"end":{"line":26,"column":42}}],"line":25},"9":{"loc":{"start":{"line":26,"column":7},"end":{"line":26,"column":42}},"type":"if","locations":[{"start":{"line":26,"column":7},"end":{"line":26,"column":42}},{"start":{"line":26,"column":7},"end":{"line":26,"column":42}}],"line":26},"10":{"loc":{"start":{"line":33,"column":2},"end":{"line":33,"column":52}},"type":"if","locations":[{"start":{"line":33,"column":2},"end":{"line":33,"column":52}},{"start":{"line":33,"column":2},"end":{"line":33,"column":52}}],"line":33},"11":{"loc":{"start":{"line":33,"column":6},"end":{"line":33,"column":27}},"type":"binary-expr","locations":[{"start":{"line":33,"column":6},"end":{"line":33,"column":14}},{"start":{"line":33,"column":18},"end":{"line":33,"column":27}}],"line":33},"12":{"loc":{"start":{"line":35,"column":2},"end":{"line":35,"column":36}},"type":"if","locations":[{"start":{"line":35,"column":2},"end":{"line":35,"column":36}},{"start":{"line":35,"column":2},"end":{"line":35,"column":36}}],"line":35},"13":{"loc":{"start":{"line":36,"column":2},"end":{"line":36,"column":31}},"type":"if","locations":[{"start":{"line":36,"column":2},"end":{"line":36,"column":31}},{"start":{"line":36,"column":2},"end":{"line":36,"column":31}}],"line":36},"14":{"loc":{"start":{"line":37,"column":2},"end":{"line":37,"column":35}},"type":"if","locations":[{"start":{"line":37,"column":2},"end":{"line":37,"column":35}},{"start":{"line":37,"column":2},"end":{"line":37,"column":35}}],"line":37}},"s":{"0":13,"1":2,"2":11,"3":2,"4":9,"5":2,"6":7,"7":3,"8":4,"9":11,"10":13,"11":2,"12":11,"13":11,"14":2,"15":9,"16":2,"17":7,"18":3,"19":11,"20":13,"21":2,"22":11,"23":2,"24":9,"25":2,"26":7,"27":3,"28":4},"f":{"0":13,"1":13,"2":13},"b":{"0":[2,11],"1":[13,12],"2":[2,9],"3":[2,7],"4":[3,4],"5":[2,11],"6":[13,12],"7":[2,9],"8":[2,7],"9":[3,4],"10":[2,11],"11":[13,12],"12":[2,9],"13":[2,7],"14":[3,4]},"_coverageSchema":"1a1c01bbd47fc00a2c39e90264f33305004495a9","hash":"9b06b9186f8849988e1a2342b72b65354248f41b"}
,"D:\\Front-end\\easy\\Js\\src\\Number\\checkNumber.js": {"path":"D:\\Front-end\\easy\\Js\\src\\Number\\checkNumber.js","statementMap":{"0":{"start":{"line":2,"column":2},"end":{"line":2,"column":74}},"1":{"start":{"line":2,"column":61},"end":{"line":2,"column":74}},"2":{"start":{"line":4,"column":16},"end":{"line":4,"column":20}},"3":{"start":{"line":6,"column":2},"end":{"line":12,"column":3}},"4":{"start":{"line":6,"column":15},"end":{"line":6,"column":16}},"5":{"start":{"line":7,"column":19},"end":{"line":7,"column":32}},"6":{"start":{"line":8,"column":4},"end":{"line":11,"column":5}},"7":{"start":{"line":9,"column":6},"end":{"line":9,"column":22}},"8":{"start":{"line":10,"column":6},"end":{"line":10,"column":12}},"9":{"start":{"line":14,"column":2},"end":{"line":14,"column":17}},"10":{"start":{"line":18,"column":2},"end":{"line":18,"column":74}},"11":{"start":{"line":18,"column":61},"end":{"line":18,"column":74}},"12":{"start":{"line":20,"column":2},"end":{"line":22,"column":3}},"13":{"start":{"line":20,"column":15},"end":{"line":20,"column":16}},"14":{"start":{"line":21,"column":4},"end":{"line":21,"column":46}},"15":{"start":{"line":21,"column":33},"end":{"line":21,"column":46}},"16":{"start":{"line":24,"column":2},"end":{"line":24,"column":14}}},"fnMap":{"0":{"name":"checkIfAllEvenV1","decl":{"start":{"line":1,"column":16},"end":{"line":1,"column":32}},"loc":{"start":{"line":1,"column":45},"end":{"line":15,"column":1}},"line":1},"1":{"name":"checkIfAllEvenV2","decl":{"start":{"line":17,"column":16},"end":{"line":17,"column":32}},"loc":{"start":{"line":17,"column":45},"end":{"line":25,"column":1}},"line":17}},"branchMap":{"0":{"loc":{"start":{"line":2,"column":2},"end":{"line":2,"column":74}},"type":"if","locations":[{"start":{"line":2,"column":2},"end":{"line":2,"column":74}},{"start":{"line":2,"column":2},"end":{"line":2,"column":74}}],"line":2},"1":{"loc":{"start":{"line":2,"column":6},"end":{"line":2,"column":59}},"type":"binary-expr","locations":[{"start":{"line":2,"column":6},"end":{"line":2,"column":32}},{"start":{"line":2,"column":36},"end":{"line":2,"column":59}}],"line":2},"2":{"loc":{"start":{"line":8,"column":4},"end":{"line":11,"column":5}},"type":"if","locations":[{"start":{"line":8,"column":4},"end":{"line":11,"column":5}},{"start":{"line":8,"column":4},"end":{"line":11,"column":5}}],"line":8},"3":{"loc":{"start":{"line":18,"column":2},"end":{"line":18,"column":74}},"type":"if","locations":[{"start":{"line":18,"column":2},"end":{"line":18,"column":74}},{"start":{"line":18,"column":2},"end":{"line":18,"column":74}}],"line":18},"4":{"loc":{"start":{"line":18,"column":6},"end":{"line":18,"column":59}},"type":"binary-expr","locations":[{"start":{"line":18,"column":6},"end":{"line":18,"column":32}},{"start":{"line":18,"column":36},"end":{"line":18,"column":59}}],"line":18},"5":{"loc":{"start":{"line":21,"column":4},"end":{"line":21,"column":46}},"type":"if","locations":[{"start":{"line":21,"column":4},"end":{"line":21,"column":46}},{"start":{"line":21,"column":4},"end":{"line":21,"column":46}}],"line":21}},"s":{"0":10,"1":7,"2":3,"3":3,"4":3,"5":6,"6":6,"7":2,"8":2,"9":3,"10":10,"11":7,"12":3,"13":3,"14":6,"15":2,"16":1},"f":{"0":10,"1":10},"b":{"0":[7,3],"1":[10,4],"2":[2,4],"3":[7,3],"4":[10,4],"5":[2,4]},"_coverageSchema":"1a1c01bbd47fc00a2c39e90264f33305004495a9","hash":"822d5f48483ba3d3506e4df32c1da5bbfd630465"}
}
