TN:
SF:main.js
FN:1,sum
FN:6,multiply
FNF:2
FNH:2
FNDA:1,sum
FNDA:1,multiply
DA:2,1
DA:7,1
LF:2
LH:2
BRF:0
BRH:0
end_of_record
TN:
SF:src\Boolean\BaitapSS5.js
FN:2,getTicketPrice
FN:12,sayHello
FNF:2
FNH:2
FNDA:16,getTicketPrice
FNDA:7,sayHello
DA:3,16
DA:5,14
DA:6,8
DA:8,1
DA:13,7
DA:22,7
LF:6
LH:6
BRDA:3,0,0,2
BRDA:3,0,1,14
BRDA:3,1,0,16
BRDA:3,1,1,15
BRDA:5,2,0,6
BRDA:5,2,1,8
BRDA:5,3,0,14
BRDA:5,3,1,9
BRDA:6,4,0,7
BRDA:6,4,1,1
BRDA:22,5,0,7
BRDA:22,5,1,1
BRF:12
BRH:12
end_of_record
TN:
SF:src\Boolean\baiTapSw-case.js
FN:3,getErrorMessage1
FN:16,getErrorMessage2
FNF:2
FNH:2
FNDA:4,getErrorMessage1
FNDA:4,getErrorMessage2
DA:4,4
DA:6,1
DA:8,1
DA:10,1
DA:12,1
DA:17,4
DA:23,4
LF:7
LH:7
BRDA:4,0,0,1
BRDA:4,0,1,1
BRDA:4,0,2,1
BRDA:4,0,3,1
BRDA:23,1,0,4
BRDA:23,1,1,1
BRF:6
BRH:6
end_of_record
TN:
SF:src\Boolean\xepLoaiHSIf..else.js
FN:5,classifyStudentV1
FN:19,classifyStudentV2
FN:32,classifyStudentV3
FNF:3
FNH:3
FNDA:13,classifyStudentV1
FNDA:13,classifyStudentV2
FNDA:13,classifyStudentV3
DA:6,13
DA:10,11
DA:11,9
DA:12,7
DA:13,4
DA:15,11
DA:20,13
DA:22,11
DA:24,11
DA:25,9
DA:26,7
DA:28,11
DA:33,13
DA:35,11
DA:36,9
DA:37,7
DA:39,4
LF:17
LH:17
BRDA:6,0,0,2
BRDA:6,0,1,11
BRDA:6,1,0,13
BRDA:6,1,1,12
BRDA:10,2,0,2
BRDA:10,2,1,9
BRDA:11,3,0,2
BRDA:11,3,1,7
BRDA:12,4,0,3
BRDA:12,4,1,4
BRDA:20,5,0,2
BRDA:20,5,1,11
BRDA:20,6,0,13
BRDA:20,6,1,12
BRDA:24,7,0,2
BRDA:24,7,1,9
BRDA:25,8,0,2
BRDA:25,8,1,7
BRDA:26,9,0,3
BRDA:26,9,1,4
BRDA:33,10,0,2
BRDA:33,10,1,11
BRDA:33,11,0,13
BRDA:33,11,1,12
BRDA:35,12,0,2
BRDA:35,12,1,9
BRDA:36,13,0,2
BRDA:36,13,1,7
BRDA:37,14,0,3
BRDA:37,14,1,4
BRF:30
BRH:30
end_of_record
TN:
SF:src\Number\checkNumber.js
FN:1,checkIfAllEvenV1
FN:17,checkIfAllEvenV2
FNF:2
FNH:2
FNDA:10,checkIfAllEvenV1
FNDA:10,checkIfAllEvenV2
DA:2,10
DA:4,3
DA:6,3
DA:7,6
DA:8,6
DA:9,2
DA:10,2
DA:14,3
DA:18,10
DA:20,3
DA:21,6
DA:24,1
LF:12
LH:12
BRDA:2,0,0,7
BRDA:2,0,1,3
BRDA:2,1,0,10
BRDA:2,1,1,4
BRDA:8,2,0,2
BRDA:8,2,1,4
BRDA:18,3,0,7
BRDA:18,3,1,3
BRDA:18,4,0,10
BRDA:18,4,1,4
BRDA:21,5,0,2
BRDA:21,5,1,4
BRF:12
BRH:12
end_of_record
